<?xml version="1.0" encoding="UTF-8"?>
<!-- Generated by org.testng.reporters.JUnitReportReporter -->
<testsuite hostname="INFLAP322" failures="0" tests="4" name="com.demoblaze.tests.AuthenticationTest" time="15.034" errors="0" timestamp="2020-12-27T13:57:29 IST" skipped="0">
  <testcase classname="com.demoblaze.tests.AuthenticationTest" name="userLoginTest" time="9.727"/>
  <testcase classname="com.demoblaze.tests.AuthenticationTest" name="userLogoutTest" time="1.899"/>
  <testcase classname="com.demoblaze.tests.AuthenticationTest" name="invaliduserLoginTest" time="2.314"/>
  <testcase classname="com.demoblaze.tests.AuthenticationTest" name="cancelLogintest" time="1.094"/>
</testsuite> <!-- com.demoblaze.tests.AuthenticationTest -->
