<?xml version="1.0" encoding="UTF-8"?>
<!-- Generated by org.testng.reporters.JUnitReportReporter -->
<testsuite hostname="INFLAP322" failures="0" tests="1" name="com.demoblaze.tests.LoginTest" time="5.162" errors="0" timestamp="2020-12-24T07:37:50 IST" skipped="0">
  <testcase classname="com.demoblaze.tests.LoginTest" name="userLoginTest" time="5.162"/>
  <system-out/>
</testsuite> <!-- com.demoblaze.tests.LoginTest -->
