<?xml version="1.0" encoding="UTF-8"?>
<!-- Generated by org.testng.reporters.JUnitReportReporter -->
<testsuite hostname="INFLAP322" failures="0" tests="1" name="com.demoblaze.tests.ContactTest" time="2.641" errors="0" timestamp="2020-12-25T11:01:59 IST" skipped="0">
  <testcase classname="com.demoblaze.tests.ContactTest" name="sendMessageTest" time="2.641"/>
  <system-out/>
</testsuite> <!-- com.demoblaze.tests.ContactTest -->
