<?xml version="1.0" encoding="UTF-8"?>
<!-- Generated by org.testng.reporters.JUnitReportReporter -->
<testsuite hostname="INFLAP322" failures="0" tests="2" name="com.demoblaze.tests.PurchaseTest" time="103.511" errors="0" timestamp="2020-12-27T13:57:29 IST" skipped="0">
  <testcase classname="com.demoblaze.tests.PurchaseTest" name="purchaseAllProductsInCategory" time="78.665"/>
  <testcase classname="com.demoblaze.tests.PurchaseTest" name="purchaseProduct" time="24.846"/>
</testsuite> <!-- com.demoblaze.tests.PurchaseTest -->
