<?xml version="1.0" encoding="UTF-8"?>
<!-- Generated by org.testng.reporters.JUnitReportReporter -->
<testsuite hostname="INFLAP322" failures="0" tests="3" name="com.demoblaze.tests.AuthenticationTest" time="9.538" errors="0" timestamp="2020-12-25T14:33:07 IST" skipped="0">
  <testcase classname="com.demoblaze.tests.AuthenticationTest" name="userLoginTest" time="5.198"/>
  <testcase classname="com.demoblaze.tests.AuthenticationTest" name="userLogoutTest" time="1.933"/>
  <testcase classname="com.demoblaze.tests.AuthenticationTest" name="invaliduserLoginTest" time="2.407"/>
</testsuite> <!-- com.demoblaze.tests.AuthenticationTest -->
