<?xml version="1.0" encoding="UTF-8"?>
<!-- Generated by org.testng.reporters.JUnitReportReporter -->
<testsuite hostname="INFLAP322" failures="0" tests="1" name="com.demoblaze.tests.PurchaseTest" time="15.268" errors="0" timestamp="2020-12-25T14:33:07 IST" skipped="0">
  <testcase classname="com.demoblaze.tests.PurchaseTest" name="purchaseProduct" time="15.268"/>
</testsuite> <!-- com.demoblaze.tests.PurchaseTest -->
